Watching for file changes with StatReloader
[26/Feb/2025 15:39:44] "GET / HTTP/1.1" 200 30466
[26/Feb/2025 15:39:59] "GET / HTTP/1.1" 200 30466
[26/Feb/2025 15:39:59] "GET /static/css/tech-icons.css HTTP/1.1" 200 2808
[26/Feb/2025 15:39:59] "GET /static/css/style.css HTTP/1.1" 200 5477
[26/Feb/2025 15:39:59] "GET /static/css/markdown.css HTTP/1.1" 200 1069
[26/Feb/2025 15:39:59] "GET /static/images/logo.png HTTP/1.1" 200 4518
[26/Feb/2025 15:40:00] "GET /static/images/favicon2.ico HTTP/1.1" 200 207038
[26/Feb/2025 15:40:01] "GET / HTTP/1.1" 200 30466
[26/Feb/2025 15:40:03] "GET /users/login/ HTTP/1.1" 200 26915
[26/Feb/2025 15:40:19] "POST /users/login/ HTTP/1.1" 302 0
[26/Feb/2025 15:40:19] "GET / HTTP/1.1" 200 30847
Not Found: /admin
[26/Feb/2025 15:40:24] "GET /admin HTTP/1.1" 404 4868
Not Found: /favicon.ico
[26/Feb/2025 15:40:24] "GET /favicon.ico HTTP/1.1" 404 4892
[26/Feb/2025 15:45:02] "GET / HTTP/1.1" 200 30466
[26/Feb/2025 15:50:01] "GET / HTTP/1.1" 200 30466
[26/Feb/2025 15:55:01] "GET / HTTP/1.1" 200 30466
[26/Feb/2025 16:00:01] "GET / HTTP/1.1" 200 30466
[26/Feb/2025 16:05:01] "GET / HTTP/1.1" 200 30466
[26/Feb/2025 16:10:01] "GET / HTTP/1.1" 200 30466
[26/Feb/2025 16:15:01] "GET / HTTP/1.1" 200 30466
[26/Feb/2025 16:20:01] "GET / HTTP/1.1" 200 30466
[26/Feb/2025 16:25:01] "GET / HTTP/1.1" 200 30466
[26/Feb/2025 16:30:01] "GET / HTTP/1.1" 200 30466
[26/Feb/2025 16:35:01] "GET / HTTP/1.1" 200 30466
[26/Feb/2025 16:40:01] "GET / HTTP/1.1" 200 30466
[26/Feb/2025 16:45:01] "GET / HTTP/1.1" 200 30466
[26/Feb/2025 16:50:01] "GET / HTTP/1.1" 200 30466
[26/Feb/2025 16:55:01] "GET / HTTP/1.1" 200 30466
[26/Feb/2025 17:00:01] "GET / HTTP/1.1" 200 30466
[26/Feb/2025 17:05:01] "GET / HTTP/1.1" 200 30466
[26/Feb/2025 17:10:01] "GET / HTTP/1.1" 200 30466
[26/Feb/2025 17:15:01] "GET / HTTP/1.1" 200 30466
[26/Feb/2025 17:20:02] "GET / HTTP/1.1" 200 30466
[26/Feb/2025 17:25:01] "GET / HTTP/1.1" 200 30466
[26/Feb/2025 17:30:02] "GET / HTTP/1.1" 200 30466
[26/Feb/2025 17:35:01] "GET / HTTP/1.1" 200 30466
[26/Feb/2025 17:40:01] "GET / HTTP/1.1" 200 30466
[26/Feb/2025 17:45:01] "GET / HTTP/1.1" 200 30466
[26/Feb/2025 17:50:01] "GET / HTTP/1.1" 200 30466
[26/Feb/2025 17:55:01] "GET / HTTP/1.1" 200 30466
[26/Feb/2025 18:00:02] "GET / HTTP/1.1" 200 30466
[26/Feb/2025 18:05:01] "GET / HTTP/1.1" 200 30466
[26/Feb/2025 18:10:01] "GET / HTTP/1.1" 200 30466
[26/Feb/2025 18:15:01] "GET / HTTP/1.1" 200 30466
[26/Feb/2025 18:20:01] "GET / HTTP/1.1" 200 30466
[26/Feb/2025 18:25:01] "GET / HTTP/1.1" 200 30466
[26/Feb/2025 18:30:01] "GET / HTTP/1.1" 200 30466
[26/Feb/2025 18:35:01] "GET / HTTP/1.1" 200 30466
[26/Feb/2025 18:40:01] "GET / HTTP/1.1" 200 30466
[26/Feb/2025 18:45:02] "GET / HTTP/1.1" 200 30466
[26/Feb/2025 18:50:01] "GET / HTTP/1.1" 200 30466
[26/Feb/2025 18:55:02] "GET / HTTP/1.1" 200 30466
[26/Feb/2025 19:00:01] "GET / HTTP/1.1" 200 30466
[26/Feb/2025 19:05:01] "GET / HTTP/1.1" 200 30466
[26/Feb/2025 19:10:01] "GET / HTTP/1.1" 200 30466
[26/Feb/2025 19:15:01] "GET / HTTP/1.1" 200 30466
[26/Feb/2025 19:20:01] "GET / HTTP/1.1" 200 30466
[26/Feb/2025 19:25:01] "GET / HTTP/1.1" 200 30466
[26/Feb/2025 19:30:01] "GET / HTTP/1.1" 200 30466
[26/Feb/2025 19:35:01] "GET / HTTP/1.1" 200 30466
[26/Feb/2025 19:40:01] "GET / HTTP/1.1" 200 30466
[26/Feb/2025 19:45:01] "GET / HTTP/1.1" 200 30466
[26/Feb/2025 19:50:01] "GET / HTTP/1.1" 200 30466
[26/Feb/2025 19:55:01] "GET / HTTP/1.1" 200 30466
[26/Feb/2025 20:00:01] "GET / HTTP/1.1" 200 30466
[26/Feb/2025 20:05:01] "GET / HTTP/1.1" 200 30466
[26/Feb/2025 20:10:01] "GET / HTTP/1.1" 200 30466
[26/Feb/2025 20:15:01] "GET / HTTP/1.1" 200 30466
[26/Feb/2025 20:20:01] "GET / HTTP/1.1" 200 30466
[26/Feb/2025 20:25:01] "GET / HTTP/1.1" 200 30466
[26/Feb/2025 20:30:01] "GET / HTTP/1.1" 200 30466
[26/Feb/2025 20:35:01] "GET / HTTP/1.1" 200 30466
[26/Feb/2025 20:40:01] "GET / HTTP/1.1" 200 30466
[26/Feb/2025 20:45:01] "GET / HTTP/1.1" 200 30466
[26/Feb/2025 20:50:01] "GET / HTTP/1.1" 200 30466
[26/Feb/2025 20:55:02] "GET / HTTP/1.1" 200 30466
[26/Feb/2025 21:00:01] "GET / HTTP/1.1" 200 30466
[26/Feb/2025 21:05:01] "GET / HTTP/1.1" 200 30466
[26/Feb/2025 21:10:01] "GET / HTTP/1.1" 200 30466
[26/Feb/2025 21:15:01] "GET / HTTP/1.1" 200 30466
[26/Feb/2025 21:20:01] "GET / HTTP/1.1" 200 30466
[26/Feb/2025 21:25:01] "GET / HTTP/1.1" 200 30466
[26/Feb/2025 21:30:01] "GET / HTTP/1.1" 200 30466
[26/Feb/2025 21:35:01] "GET / HTTP/1.1" 200 30466
[26/Feb/2025 21:40:01] "GET / HTTP/1.1" 200 30466
[26/Feb/2025 21:45:01] "GET / HTTP/1.1" 200 30466
[26/Feb/2025 21:50:01] "GET / HTTP/1.1" 200 30466
[26/Feb/2025 21:55:01] "GET / HTTP/1.1" 200 30466
[26/Feb/2025 22:00:01] "GET / HTTP/1.1" 200 30466
[26/Feb/2025 22:05:02] "GET / HTTP/1.1" 200 30466
[26/Feb/2025 22:10:01] "GET / HTTP/1.1" 200 30466
[26/Feb/2025 22:15:01] "GET / HTTP/1.1" 200 30466
[26/Feb/2025 22:20:01] "GET / HTTP/1.1" 200 30466
[26/Feb/2025 22:25:01] "GET / HTTP/1.1" 200 30466
[26/Feb/2025 22:30:01] "GET / HTTP/1.1" 200 30466
[26/Feb/2025 22:35:01] "GET / HTTP/1.1" 200 30466
[26/Feb/2025 22:40:01] "GET / HTTP/1.1" 200 30466
[26/Feb/2025 22:45:01] "GET / HTTP/1.1" 200 30466
[26/Feb/2025 22:50:02] "GET / HTTP/1.1" 200 30466
[26/Feb/2025 22:55:01] "GET / HTTP/1.1" 200 30466
[26/Feb/2025 23:00:01] "GET / HTTP/1.1" 200 30466
[26/Feb/2025 23:05:01] "GET / HTTP/1.1" 200 30466
[26/Feb/2025 23:10:01] "GET / HTTP/1.1" 200 30466
[26/Feb/2025 23:15:01] "GET / HTTP/1.1" 200 30466
[26/Feb/2025 23:20:01] "GET / HTTP/1.1" 200 30466
[26/Feb/2025 23:25:01] "GET / HTTP/1.1" 200 30466
[26/Feb/2025 23:30:01] "GET / HTTP/1.1" 200 30466
[26/Feb/2025 23:35:02] "GET / HTTP/1.1" 200 30466
[26/Feb/2025 23:40:01] "GET / HTTP/1.1" 200 30466
[26/Feb/2025 23:45:02] "GET / HTTP/1.1" 200 30466
[26/Feb/2025 23:50:01] "GET / HTTP/1.1" 200 30466
[26/Feb/2025 23:55:01] "GET / HTTP/1.1" 200 30466
[27/Feb/2025 00:00:02] "GET / HTTP/1.1" 200 30466
[27/Feb/2025 00:05:01] "GET / HTTP/1.1" 200 30466
[27/Feb/2025 00:10:01] "GET / HTTP/1.1" 200 30466
[27/Feb/2025 00:15:01] "GET / HTTP/1.1" 200 30466
[27/Feb/2025 00:20:01] "GET / HTTP/1.1" 200 30466
[27/Feb/2025 00:25:01] "GET / HTTP/1.1" 200 30466
[27/Feb/2025 00:30:01] "GET / HTTP/1.1" 200 30466
[27/Feb/2025 00:35:01] "GET / HTTP/1.1" 200 30466
[27/Feb/2025 00:40:01] "GET / HTTP/1.1" 200 30466
[27/Feb/2025 00:45:01] "GET / HTTP/1.1" 200 30466
[27/Feb/2025 00:50:01] "GET / HTTP/1.1" 200 30466
[27/Feb/2025 00:55:01] "GET / HTTP/1.1" 200 30466
[27/Feb/2025 01:00:01] "GET / HTTP/1.1" 200 30466
[27/Feb/2025 01:05:01] "GET / HTTP/1.1" 200 30466
[27/Feb/2025 01:10:01] "GET / HTTP/1.1" 200 30466
[27/Feb/2025 01:15:01] "GET / HTTP/1.1" 200 30466
[27/Feb/2025 01:20:02] "GET / HTTP/1.1" 200 30466
[27/Feb/2025 01:25:01] "GET / HTTP/1.1" 200 30466
[27/Feb/2025 01:30:01] "GET / HTTP/1.1" 200 30466
[27/Feb/2025 01:35:01] "GET / HTTP/1.1" 200 30466
[27/Feb/2025 01:40:01] "GET / HTTP/1.1" 200 30466
[27/Feb/2025 01:45:01] "GET / HTTP/1.1" 200 30466
[27/Feb/2025 01:50:01] "GET / HTTP/1.1" 200 30466
[27/Feb/2025 01:55:01] "GET / HTTP/1.1" 200 30466
[27/Feb/2025 02:00:01] "GET / HTTP/1.1" 200 30466
[27/Feb/2025 02:05:02] "GET / HTTP/1.1" 200 30466
[27/Feb/2025 02:10:01] "GET / HTTP/1.1" 200 30466
[27/Feb/2025 02:15:02] "GET / HTTP/1.1" 200 30466
[27/Feb/2025 02:20:01] "GET / HTTP/1.1" 200 30466
[27/Feb/2025 02:25:01] "GET / HTTP/1.1" 200 30466
[27/Feb/2025 02:30:02] "GET / HTTP/1.1" 200 30466
[27/Feb/2025 02:35:01] "GET / HTTP/1.1" 200 30466
[27/Feb/2025 02:40:01] "GET / HTTP/1.1" 200 30466
[27/Feb/2025 02:45:01] "GET / HTTP/1.1" 200 30466
[27/Feb/2025 02:50:01] "GET / HTTP/1.1" 200 30466
[27/Feb/2025 02:55:01] "GET / HTTP/1.1" 200 30466
[27/Feb/2025 03:00:01] "GET / HTTP/1.1" 200 30466
[27/Feb/2025 03:05:01] "GET / HTTP/1.1" 200 30466
[27/Feb/2025 03:10:01] "GET / HTTP/1.1" 200 30466
[27/Feb/2025 03:15:01] "GET / HTTP/1.1" 200 30466
[27/Feb/2025 03:20:01] "GET / HTTP/1.1" 200 30466
[27/Feb/2025 03:25:01] "GET / HTTP/1.1" 200 30466
[27/Feb/2025 03:30:01] "GET / HTTP/1.1" 200 30466
[27/Feb/2025 03:35:01] "GET / HTTP/1.1" 200 30466
[27/Feb/2025 03:40:01] "GET / HTTP/1.1" 200 30466
[27/Feb/2025 03:45:01] "GET / HTTP/1.1" 200 30466
[27/Feb/2025 03:50:02] "GET / HTTP/1.1" 200 30466
[27/Feb/2025 03:55:01] "GET / HTTP/1.1" 200 30466
[27/Feb/2025 04:00:01] "GET / HTTP/1.1" 200 30466
[27/Feb/2025 04:05:01] "GET / HTTP/1.1" 200 30466
[27/Feb/2025 04:10:01] "GET / HTTP/1.1" 200 30466
[27/Feb/2025 04:15:01] "GET / HTTP/1.1" 200 30466
[27/Feb/2025 04:20:01] "GET / HTTP/1.1" 200 30466
[27/Feb/2025 04:25:01] "GET / HTTP/1.1" 200 30466
[27/Feb/2025 04:30:01] "GET / HTTP/1.1" 200 30466
[27/Feb/2025 04:35:01] "GET / HTTP/1.1" 200 30466
[27/Feb/2025 04:40:01] "GET / HTTP/1.1" 200 30466
[27/Feb/2025 04:45:01] "GET / HTTP/1.1" 200 30466
[27/Feb/2025 04:50:02] "GET / HTTP/1.1" 200 30466
[27/Feb/2025 04:55:01] "GET / HTTP/1.1" 200 30466
[27/Feb/2025 05:00:01] "GET / HTTP/1.1" 200 30466
[27/Feb/2025 05:05:01] "GET / HTTP/1.1" 200 30466
[27/Feb/2025 05:10:01] "GET / HTTP/1.1" 200 30466
[27/Feb/2025 05:15:01] "GET / HTTP/1.1" 200 30466
[27/Feb/2025 05:20:01] "GET / HTTP/1.1" 200 30466
[27/Feb/2025 05:25:02] "GET / HTTP/1.1" 200 30466
[27/Feb/2025 05:30:01] "GET / HTTP/1.1" 200 30466
[27/Feb/2025 05:35:01] "GET / HTTP/1.1" 200 30466
[27/Feb/2025 05:40:01] "GET / HTTP/1.1" 200 30466
[27/Feb/2025 05:45:01] "GET / HTTP/1.1" 200 30466
[27/Feb/2025 05:50:01] "GET / HTTP/1.1" 200 30466
[27/Feb/2025 05:55:01] "GET / HTTP/1.1" 200 30466
[27/Feb/2025 06:00:01] "GET / HTTP/1.1" 200 30466
[27/Feb/2025 06:05:02] "GET / HTTP/1.1" 200 30466
[27/Feb/2025 06:10:01] "GET / HTTP/1.1" 200 30466
[27/Feb/2025 06:15:01] "GET / HTTP/1.1" 200 30466
[27/Feb/2025 06:20:01] "GET / HTTP/1.1" 200 30466
[27/Feb/2025 06:25:01] "GET / HTTP/1.1" 200 30466
[27/Feb/2025 06:30:01] "GET / HTTP/1.1" 200 30466
[27/Feb/2025 06:35:01] "GET / HTTP/1.1" 200 30466
[27/Feb/2025 06:40:01] "GET / HTTP/1.1" 200 30466
[27/Feb/2025 06:45:01] "GET / HTTP/1.1" 200 30466
[27/Feb/2025 06:50:01] "GET / HTTP/1.1" 200 30466
[27/Feb/2025 06:55:01] "GET / HTTP/1.1" 200 30466
[27/Feb/2025 07:00:01] "GET / HTTP/1.1" 200 30466
[27/Feb/2025 07:05:01] "GET / HTTP/1.1" 200 30466
[27/Feb/2025 07:10:01] "GET / HTTP/1.1" 200 30466
[27/Feb/2025 07:15:01] "GET / HTTP/1.1" 200 30466
[27/Feb/2025 07:20:01] "GET / HTTP/1.1" 200 30466
[27/Feb/2025 07:25:01] "GET / HTTP/1.1" 200 30466
[27/Feb/2025 07:30:01] "GET / HTTP/1.1" 200 30466
[27/Feb/2025 07:35:01] "GET / HTTP/1.1" 200 30466
[27/Feb/2025 07:40:01] "GET / HTTP/1.1" 200 30466
[27/Feb/2025 07:45:01] "GET / HTTP/1.1" 200 30466
[27/Feb/2025 07:50:01] "GET / HTTP/1.1" 200 30466
[27/Feb/2025 07:55:01] "GET / HTTP/1.1" 200 30466
[27/Feb/2025 08:00:02] "GET / HTTP/1.1" 200 30466
[27/Feb/2025 08:05:01] "GET / HTTP/1.1" 200 30466
[27/Feb/2025 08:10:01] "GET / HTTP/1.1" 200 30466
[27/Feb/2025 08:15:01] "GET / HTTP/1.1" 200 30466
[27/Feb/2025 08:20:01] "GET / HTTP/1.1" 200 30466
[27/Feb/2025 08:25:02] "GET / HTTP/1.1" 200 30466
[27/Feb/2025 08:30:01] "GET / HTTP/1.1" 200 30466
[27/Feb/2025 08:35:01] "GET / HTTP/1.1" 200 30466
[27/Feb/2025 08:40:01] "GET / HTTP/1.1" 200 30466
[27/Feb/2025 08:45:01] "GET / HTTP/1.1" 200 30466
[27/Feb/2025 08:46:30] "GET / HTTP/1.1" 200 30466
[27/Feb/2025 08:46:30] "GET /static/css/style.css HTTP/1.1" 200 5477
[27/Feb/2025 08:46:30] "GET /static/css/tech-icons.css HTTP/1.1" 200 2808
[27/Feb/2025 08:46:30] "GET /static/css/markdown.css HTTP/1.1" 200 1069
[27/Feb/2025 08:46:30] "GET /static/images/logo.png HTTP/1.1" 200 4518
[27/Feb/2025 08:46:31] "GET /static/images/favicon2.ico HTTP/1.1" 200 207038
[27/Feb/2025 08:46:49] "GET /users/login/ HTTP/1.1" 200 26915
[27/Feb/2025 08:46:56] "POST /users/login/ HTTP/1.1" 302 0
[27/Feb/2025 08:46:56] "GET / HTTP/1.1" 200 30847
[27/Feb/2025 08:46:59] "GET /projects/ HTTP/1.1" 200 42019
[27/Feb/2025 08:47:00] "GET / HTTP/1.1" 200 30847
[27/Feb/2025 08:48:31] "GET /profile/ HTTP/1.1" 200 34676
[27/Feb/2025 08:48:33] "GET /projects/1/ HTTP/1.1" 200 36811
[27/Feb/2025 08:48:34] "GET /static/js/project_votes.js HTTP/1.1" 200 3111
[27/Feb/2025 08:48:39] "GET /profile/ HTTP/1.1" 200 34676
[27/Feb/2025 08:48:41] "GET /projects/1/ HTTP/1.1" 200 36811
[27/Feb/2025 08:48:42] "GET /chat/project/1/ HTTP/1.1" 200 34699
[27/Feb/2025 08:48:45] "GET /api/messages/?room=1&after=4 HTTP/1.1" 200 2
[27/Feb/2025 08:48:48] "GET /profile/ HTTP/1.1" 200 34676
[27/Feb/2025 08:49:41] "GET /projects/ HTTP/1.1" 200 42019
[27/Feb/2025 08:49:42] "GET / HTTP/1.1" 200 30847
[27/Feb/2025 08:50:02] "GET / HTTP/1.1" 200 30466
[27/Feb/2025 08:55:01] "GET / HTTP/1.1" 200 30466
[27/Feb/2025 09:00:01] "GET / HTTP/1.1" 200 30466
[27/Feb/2025 09:05:01] "GET / HTTP/1.1" 200 30466
[27/Feb/2025 09:10:01] "GET / HTTP/1.1" 200 30466
[27/Feb/2025 09:15:01] "GET / HTTP/1.1" 200 30466
[27/Feb/2025 09:20:02] "GET / HTTP/1.1" 200 30466
[27/Feb/2025 09:25:02] "GET / HTTP/1.1" 200 30466
[27/Feb/2025 09:30:01] "GET / HTTP/1.1" 200 30466
[27/Feb/2025 09:35:01] "GET / HTTP/1.1" 200 30466
[27/Feb/2025 09:40:01] "GET / HTTP/1.1" 200 30466
[27/Feb/2025 09:45:01] "GET / HTTP/1.1" 200 30466
[27/Feb/2025 09:50:01] "GET / HTTP/1.1" 200 30466
[27/Feb/2025 09:55:01] "GET / HTTP/1.1" 200 30466
[27/Feb/2025 10:00:01] "GET / HTTP/1.1" 200 30466
[27/Feb/2025 10:05:01] "GET / HTTP/1.1" 200 30466
[27/Feb/2025 10:07:25] "GET / HTTP/1.1" 200 30847
[27/Feb/2025 10:10:01] "GET / HTTP/1.1" 200 30466
[27/Feb/2025 10:15:01] "GET / HTTP/1.1" 200 30466
[27/Feb/2025 10:20:01] "GET / HTTP/1.1" 200 30466
[27/Feb/2025 10:25:01] "GET / HTTP/1.1" 200 30466
[27/Feb/2025 10:30:01] "GET / HTTP/1.1" 200 30466
[27/Feb/2025 10:35:01] "GET / HTTP/1.1" 200 30466
[27/Feb/2025 10:40:01] "GET / HTTP/1.1" 200 30466
[27/Feb/2025 10:45:02] "GET / HTTP/1.1" 200 30466
[27/Feb/2025 10:50:01] "GET / HTTP/1.1" 200 30466
[27/Feb/2025 10:55:01] "GET / HTTP/1.1" 200 30466
[27/Feb/2025 11:00:02] "GET / HTTP/1.1" 200 30466
[27/Feb/2025 11:05:01] "GET / HTTP/1.1" 200 30466
[27/Feb/2025 11:10:01] "GET / HTTP/1.1" 200 30466
[27/Feb/2025 11:15:01] "GET / HTTP/1.1" 200 30466
[27/Feb/2025 11:20:01] "GET / HTTP/1.1" 200 30466
[27/Feb/2025 11:25:01] "GET / HTTP/1.1" 200 30466
[27/Feb/2025 11:30:01] "GET / HTTP/1.1" 200 30466
[27/Feb/2025 11:35:01] "GET / HTTP/1.1" 200 30466
[27/Feb/2025 11:40:01] "GET / HTTP/1.1" 200 30466
[27/Feb/2025 11:45:02] "GET / HTTP/1.1" 200 30466
[27/Feb/2025 11:50:01] "GET / HTTP/1.1" 200 30466
[27/Feb/2025 11:55:01] "GET / HTTP/1.1" 200 30466
[27/Feb/2025 12:00:01] "GET / HTTP/1.1" 200 30466
[27/Feb/2025 12:05:01] "GET / HTTP/1.1" 200 30466
[27/Feb/2025 12:10:01] "GET / HTTP/1.1" 200 30466
[27/Feb/2025 12:15:01] "GET / HTTP/1.1" 200 30466
[27/Feb/2025 12:20:01] "GET / HTTP/1.1" 200 30466
[27/Feb/2025 12:24:23] "GET / HTTP/1.1" 200 30847
[27/Feb/2025 12:25:01] "GET / HTTP/1.1" 200 30466
[27/Feb/2025 12:30:01] "GET / HTTP/1.1" 200 30466
[27/Feb/2025 12:35:01] "GET / HTTP/1.1" 200 30466
[27/Feb/2025 12:40:01] "GET / HTTP/1.1" 200 30466
[27/Feb/2025 12:45:01] "GET / HTTP/1.1" 200 30466
[27/Feb/2025 12:50:01] "GET / HTTP/1.1" 200 30466
[27/Feb/2025 12:55:01] "GET / HTTP/1.1" 200 30466
[27/Feb/2025 13:00:01] "GET / HTTP/1.1" 200 30466
[27/Feb/2025 13:05:01] "GET / HTTP/1.1" 200 30466
[27/Feb/2025 13:10:01] "GET / HTTP/1.1" 200 30466
[27/Feb/2025 13:15:01] "GET / HTTP/1.1" 200 30466
[27/Feb/2025 13:20:02] "GET / HTTP/1.1" 200 30466
[27/Feb/2025 13:25:01] "GET / HTTP/1.1" 200 30466
[27/Feb/2025 13:30:01] "GET / HTTP/1.1" 200 30466
[27/Feb/2025 13:35:01] "GET / HTTP/1.1" 200 30466
[27/Feb/2025 13:40:01] "GET / HTTP/1.1" 200 30466
[27/Feb/2025 13:45:01] "GET / HTTP/1.1" 200 30466
[27/Feb/2025 13:50:01] "GET / HTTP/1.1" 200 30466
[27/Feb/2025 13:55:01] "GET / HTTP/1.1" 200 30466
[27/Feb/2025 14:00:01] "GET / HTTP/1.1" 200 30466
[27/Feb/2025 14:05:01] "GET / HTTP/1.1" 200 30466
[27/Feb/2025 14:10:02] "GET / HTTP/1.1" 200 30466
[27/Feb/2025 14:15:01] "GET / HTTP/1.1" 200 30466
[27/Feb/2025 14:20:01] "GET / HTTP/1.1" 200 30466
[27/Feb/2025 14:25:01] "GET / HTTP/1.1" 200 30466
[27/Feb/2025 14:30:01] "GET / HTTP/1.1" 200 30466
[27/Feb/2025 14:35:01] "GET / HTTP/1.1" 200 30466
[27/Feb/2025 14:36:55] "GET / HTTP/1.1" 200 30847
[27/Feb/2025 14:36:55] "GET /static/css/style.css HTTP/1.1" 304 0
[27/Feb/2025 14:36:55] "GET /static/css/markdown.css HTTP/1.1" 304 0
[27/Feb/2025 14:36:55] "GET /static/css/tech-icons.css HTTP/1.1" 304 0
[27/Feb/2025 14:36:55] "GET /static/images/logo.png HTTP/1.1" 304 0
[27/Feb/2025 14:36:55] "GET /static/images/favicon2.ico HTTP/1.1" 304 0
[27/Feb/2025 14:36:57] "GET /profile/ HTTP/1.1" 200 34676
[27/Feb/2025 14:37:00] "GET /projects/ HTTP/1.1" 200 42019
[27/Feb/2025 14:37:06] "GET / HTTP/1.1" 200 30847
[27/Feb/2025 14:40:01] "GET / HTTP/1.1" 200 30466
[27/Feb/2025 14:45:01] "GET / HTTP/1.1" 200 30466
[27/Feb/2025 14:50:01] "GET / HTTP/1.1" 200 30466
[27/Feb/2025 14:55:01] "GET / HTTP/1.1" 200 30466
[27/Feb/2025 15:00:01] "GET / HTTP/1.1" 200 30466
[27/Feb/2025 15:05:01] "GET / HTTP/1.1" 200 30466
[27/Feb/2025 15:10:01] "GET / HTTP/1.1" 200 30466
[27/Feb/2025 15:15:01] "GET / HTTP/1.1" 200 30466
[27/Feb/2025 15:20:01] "GET / HTTP/1.1" 200 30466
[27/Feb/2025 15:25:01] "GET / HTTP/1.1" 200 30466
[27/Feb/2025 15:30:01] "GET / HTTP/1.1" 200 30466
[27/Feb/2025 15:35:01] "GET / HTTP/1.1" 200 30466
[27/Feb/2025 15:40:01] "GET / HTTP/1.1" 200 30466
[27/Feb/2025 15:45:02] "GET / HTTP/1.1" 200 30466
[27/Feb/2025 15:50:01] "GET / HTTP/1.1" 200 30466
[27/Feb/2025 15:55:01] "GET / HTTP/1.1" 200 30466
[27/Feb/2025 16:00:01] "GET / HTTP/1.1" 200 30466
[27/Feb/2025 16:05:01] "GET / HTTP/1.1" 200 30466
[27/Feb/2025 16:10:01] "GET / HTTP/1.1" 200 30466
[27/Feb/2025 16:15:01] "GET / HTTP/1.1" 200 30466
[27/Feb/2025 16:20:01] "GET / HTTP/1.1" 200 30466
[27/Feb/2025 16:25:02] "GET / HTTP/1.1" 200 30466
[27/Feb/2025 16:30:01] "GET / HTTP/1.1" 200 30466
[27/Feb/2025 16:35:01] "GET / HTTP/1.1" 200 30466
[27/Feb/2025 16:40:01] "GET / HTTP/1.1" 200 30466
[27/Feb/2025 16:45:02] "GET / HTTP/1.1" 200 30466
[27/Feb/2025 16:50:01] "GET / HTTP/1.1" 200 30466
[27/Feb/2025 16:55:01] "GET / HTTP/1.1" 200 30466
[27/Feb/2025 17:00:01] "GET / HTTP/1.1" 200 30466
[27/Feb/2025 17:05:01] "GET / HTTP/1.1" 200 30466
[27/Feb/2025 17:10:01] "GET / HTTP/1.1" 200 30466
[27/Feb/2025 17:15:01] "GET / HTTP/1.1" 200 30466
[27/Feb/2025 17:20:01] "GET / HTTP/1.1" 200 30466
[27/Feb/2025 17:25:01] "GET / HTTP/1.1" 200 30466
[27/Feb/2025 17:30:01] "GET / HTTP/1.1" 200 30466
[27/Feb/2025 17:35:01] "GET / HTTP/1.1" 200 30466
[27/Feb/2025 17:40:01] "GET / HTTP/1.1" 200 30466
[27/Feb/2025 17:45:01] "GET / HTTP/1.1" 200 30466
[27/Feb/2025 17:50:02] "GET / HTTP/1.1" 200 30466
[27/Feb/2025 17:55:01] "GET / HTTP/1.1" 200 30466
[27/Feb/2025 18:00:01] "GET / HTTP/1.1" 200 30466
[27/Feb/2025 18:05:01] "GET / HTTP/1.1" 200 30466
[27/Feb/2025 18:10:01] "GET / HTTP/1.1" 200 30466
[27/Feb/2025 18:15:02] "GET / HTTP/1.1" 200 30466
[27/Feb/2025 18:20:01] "GET / HTTP/1.1" 200 30466
[27/Feb/2025 18:25:01] "GET / HTTP/1.1" 200 30466
[27/Feb/2025 18:30:01] "GET / HTTP/1.1" 200 30466
[27/Feb/2025 18:35:01] "GET / HTTP/1.1" 200 30466
[27/Feb/2025 18:40:01] "GET / HTTP/1.1" 200 30466
[27/Feb/2025 18:45:01] "GET / HTTP/1.1" 200 30466
[27/Feb/2025 18:50:01] "GET / HTTP/1.1" 200 30466
[27/Feb/2025 18:55:01] "GET / HTTP/1.1" 200 30466
[27/Feb/2025 19:00:01] "GET / HTTP/1.1" 200 30466
[27/Feb/2025 19:05:01] "GET / HTTP/1.1" 200 30466
[27/Feb/2025 19:10:01] "GET / HTTP/1.1" 200 30466
[27/Feb/2025 19:15:01] "GET / HTTP/1.1" 200 30466
[27/Feb/2025 19:20:01] "GET / HTTP/1.1" 200 30466
[27/Feb/2025 19:25:01] "GET / HTTP/1.1" 200 30466
[27/Feb/2025 19:30:01] "GET / HTTP/1.1" 200 30466
[27/Feb/2025 19:35:01] "GET / HTTP/1.1" 200 30466
[27/Feb/2025 19:40:01] "GET / HTTP/1.1" 200 30466
[27/Feb/2025 19:45:01] "GET / HTTP/1.1" 200 30466
[27/Feb/2025 19:50:02] "GET / HTTP/1.1" 200 30466
[27/Feb/2025 19:55:01] "GET / HTTP/1.1" 200 30466
[27/Feb/2025 20:00:01] "GET / HTTP/1.1" 200 30466
[27/Feb/2025 20:05:01] "GET / HTTP/1.1" 200 30466
[27/Feb/2025 20:10:01] "GET / HTTP/1.1" 200 30466
[27/Feb/2025 20:15:01] "GET / HTTP/1.1" 200 30466
[27/Feb/2025 20:20:01] "GET / HTTP/1.1" 200 30466
[27/Feb/2025 20:25:01] "GET / HTTP/1.1" 200 30466
[27/Feb/2025 20:30:02] "GET / HTTP/1.1" 200 30466
[27/Feb/2025 20:35:01] "GET / HTTP/1.1" 200 30466
[27/Feb/2025 20:40:01] "GET / HTTP/1.1" 200 30466
[27/Feb/2025 20:45:01] "GET / HTTP/1.1" 200 30466
[27/Feb/2025 20:50:01] "GET / HTTP/1.1" 200 30466
[27/Feb/2025 20:55:01] "GET / HTTP/1.1" 200 30466
[27/Feb/2025 21:00:01] "GET / HTTP/1.1" 200 30466
[27/Feb/2025 21:05:01] "GET / HTTP/1.1" 200 30466
[27/Feb/2025 21:10:01] "GET / HTTP/1.1" 200 30466
[27/Feb/2025 21:15:01] "GET / HTTP/1.1" 200 30466
[27/Feb/2025 21:20:01] "GET / HTTP/1.1" 200 30466
[27/Feb/2025 21:25:01] "GET / HTTP/1.1" 200 30466
[27/Feb/2025 21:30:01] "GET / HTTP/1.1" 200 30466
[27/Feb/2025 21:35:01] "GET / HTTP/1.1" 200 30466
[27/Feb/2025 21:40:01] "GET / HTTP/1.1" 200 30466
[27/Feb/2025 21:45:01] "GET / HTTP/1.1" 200 30466
[27/Feb/2025 21:50:01] "GET / HTTP/1.1" 200 30466
[27/Feb/2025 21:55:01] "GET / HTTP/1.1" 200 30466
[27/Feb/2025 22:00:01] "GET / HTTP/1.1" 200 30466
[27/Feb/2025 22:05:01] "GET / HTTP/1.1" 200 30466
[27/Feb/2025 22:10:01] "GET / HTTP/1.1" 200 30466
[27/Feb/2025 22:15:02] "GET / HTTP/1.1" 200 30466
[27/Feb/2025 22:20:01] "GET / HTTP/1.1" 200 30466
[27/Feb/2025 22:25:01] "GET / HTTP/1.1" 200 30466
[27/Feb/2025 22:30:01] "GET / HTTP/1.1" 200 30466
[27/Feb/2025 22:35:01] "GET / HTTP/1.1" 200 30466
[27/Feb/2025 22:40:01] "GET / HTTP/1.1" 200 30466
[27/Feb/2025 22:45:01] "GET / HTTP/1.1" 200 30466
[27/Feb/2025 22:50:01] "GET / HTTP/1.1" 200 30466
[27/Feb/2025 22:55:02] "GET / HTTP/1.1" 200 30466
[27/Feb/2025 23:00:01] "GET / HTTP/1.1" 200 30466
[27/Feb/2025 23:05:01] "GET / HTTP/1.1" 200 30466
[27/Feb/2025 23:10:01] "GET / HTTP/1.1" 200 30466
[27/Feb/2025 23:15:02] "GET / HTTP/1.1" 200 30466
[27/Feb/2025 23:20:01] "GET / HTTP/1.1" 200 30466
[27/Feb/2025 23:25:01] "GET / HTTP/1.1" 200 30466
[27/Feb/2025 23:30:01] "GET / HTTP/1.1" 200 30466
[27/Feb/2025 23:35:01] "GET / HTTP/1.1" 200 30466
[27/Feb/2025 23:40:01] "GET / HTTP/1.1" 200 30466
[27/Feb/2025 23:45:01] "GET / HTTP/1.1" 200 30466
[27/Feb/2025 23:50:01] "GET / HTTP/1.1" 200 30466
[27/Feb/2025 23:55:01] "GET / HTTP/1.1" 200 30466
[28/Feb/2025 00:00:01] "GET / HTTP/1.1" 200 30466
[28/Feb/2025 00:05:01] "GET / HTTP/1.1" 200 30466
[28/Feb/2025 00:10:01] "GET / HTTP/1.1" 200 30466
[28/Feb/2025 00:15:01] "GET / HTTP/1.1" 200 30466
[28/Feb/2025 00:20:01] "GET / HTTP/1.1" 200 30466
[28/Feb/2025 00:25:01] "GET / HTTP/1.1" 200 30466
[28/Feb/2025 00:30:01] "GET / HTTP/1.1" 200 30466
[28/Feb/2025 00:35:01] "GET / HTTP/1.1" 200 30466
[28/Feb/2025 00:40:01] "GET / HTTP/1.1" 200 30466
[28/Feb/2025 00:45:01] "GET / HTTP/1.1" 200 30466
[28/Feb/2025 00:50:02] "GET / HTTP/1.1" 200 30466
[28/Feb/2025 00:55:01] "GET / HTTP/1.1" 200 30466
[28/Feb/2025 01:00:01] "GET / HTTP/1.1" 200 30466
[28/Feb/2025 01:05:01] "GET / HTTP/1.1" 200 30466
[28/Feb/2025 01:10:01] "GET / HTTP/1.1" 200 30466
[28/Feb/2025 01:15:02] "GET / HTTP/1.1" 200 30466
[28/Feb/2025 01:20:01] "GET / HTTP/1.1" 200 30466
[28/Feb/2025 01:25:01] "GET / HTTP/1.1" 200 30466
[28/Feb/2025 01:30:02] "GET / HTTP/1.1" 200 30466
[28/Feb/2025 01:35:02] "GET / HTTP/1.1" 200 30466
[28/Feb/2025 01:40:01] "GET / HTTP/1.1" 200 30466
[28/Feb/2025 01:45:01] "GET / HTTP/1.1" 200 30466
[28/Feb/2025 01:50:01] "GET / HTTP/1.1" 200 30466
[28/Feb/2025 01:55:02] "GET / HTTP/1.1" 200 30466
[28/Feb/2025 02:00:01] "GET / HTTP/1.1" 200 30466
[28/Feb/2025 02:05:01] "GET / HTTP/1.1" 200 30466
[28/Feb/2025 02:10:01] "GET / HTTP/1.1" 200 30466
[28/Feb/2025 02:15:01] "GET / HTTP/1.1" 200 30466
[28/Feb/2025 02:20:01] "GET / HTTP/1.1" 200 30466
[28/Feb/2025 02:25:01] "GET / HTTP/1.1" 200 30466
[28/Feb/2025 02:30:01] "GET / HTTP/1.1" 200 30466
[28/Feb/2025 02:35:01] "GET / HTTP/1.1" 200 30466
[28/Feb/2025 02:40:01] "GET / HTTP/1.1" 200 30466
[28/Feb/2025 02:45:02] "GET / HTTP/1.1" 200 30466
[28/Feb/2025 02:50:01] "GET / HTTP/1.1" 200 30466
[28/Feb/2025 02:55:01] "GET / HTTP/1.1" 200 30466
[28/Feb/2025 03:00:01] "GET / HTTP/1.1" 200 30466
[28/Feb/2025 03:05:02] "GET / HTTP/1.1" 200 30466
[28/Feb/2025 03:10:01] "GET / HTTP/1.1" 200 30466
[28/Feb/2025 03:15:01] "GET / HTTP/1.1" 200 30466
[28/Feb/2025 03:20:01] "GET / HTTP/1.1" 200 30466
[28/Feb/2025 03:25:01] "GET / HTTP/1.1" 200 30466
[28/Feb/2025 03:30:01] "GET / HTTP/1.1" 200 30466
[28/Feb/2025 03:35:01] "GET / HTTP/1.1" 200 30466
[28/Feb/2025 03:40:01] "GET / HTTP/1.1" 200 30466
[28/Feb/2025 03:45:01] "GET / HTTP/1.1" 200 30466
[28/Feb/2025 03:50:01] "GET / HTTP/1.1" 200 30466
[28/Feb/2025 03:55:01] "GET / HTTP/1.1" 200 30466
[28/Feb/2025 04:00:01] "GET / HTTP/1.1" 200 30466
[28/Feb/2025 04:05:02] "GET / HTTP/1.1" 200 30466
[28/Feb/2025 04:10:01] "GET / HTTP/1.1" 200 30466
[28/Feb/2025 04:15:01] "GET / HTTP/1.1" 200 30466
[28/Feb/2025 04:20:01] "GET / HTTP/1.1" 200 30466
[28/Feb/2025 04:25:01] "GET / HTTP/1.1" 200 30466
[28/Feb/2025 04:30:01] "GET / HTTP/1.1" 200 30466
[28/Feb/2025 04:35:01] "GET / HTTP/1.1" 200 30466
[28/Feb/2025 04:40:01] "GET / HTTP/1.1" 200 30466
[28/Feb/2025 04:45:02] "GET / HTTP/1.1" 200 30466
[28/Feb/2025 04:50:01] "GET / HTTP/1.1" 200 30466
[28/Feb/2025 04:55:01] "GET / HTTP/1.1" 200 30466
[28/Feb/2025 05:00:01] "GET / HTTP/1.1" 200 30466
[28/Feb/2025 05:05:01] "GET / HTTP/1.1" 200 30466
[28/Feb/2025 05:10:01] "GET / HTTP/1.1" 200 30466
[28/Feb/2025 05:15:01] "GET / HTTP/1.1" 200 30466
[28/Feb/2025 05:20:01] "GET / HTTP/1.1" 200 30466
[28/Feb/2025 05:25:01] "GET / HTTP/1.1" 200 30466
[28/Feb/2025 05:30:02] "GET / HTTP/1.1" 200 30466
[28/Feb/2025 05:35:01] "GET / HTTP/1.1" 200 30466
[28/Feb/2025 05:40:01] "GET / HTTP/1.1" 200 30466
[28/Feb/2025 05:45:01] "GET / HTTP/1.1" 200 30466
[28/Feb/2025 05:50:01] "GET / HTTP/1.1" 200 30466
[28/Feb/2025 05:55:01] "GET / HTTP/1.1" 200 30466
[28/Feb/2025 06:00:02] "GET / HTTP/1.1" 200 30466
[28/Feb/2025 06:05:01] "GET / HTTP/1.1" 200 30466
[28/Feb/2025 06:10:01] "GET / HTTP/1.1" 200 30466
[28/Feb/2025 06:15:01] "GET / HTTP/1.1" 200 30466
[28/Feb/2025 06:20:01] "GET / HTTP/1.1" 200 30466
[28/Feb/2025 06:25:01] "GET / HTTP/1.1" 200 30466
[28/Feb/2025 06:30:01] "GET / HTTP/1.1" 200 30466
[28/Feb/2025 06:35:01] "GET / HTTP/1.1" 200 30466
[28/Feb/2025 06:40:01] "GET / HTTP/1.1" 200 30466
[28/Feb/2025 06:45:01] "GET / HTTP/1.1" 200 30466
[28/Feb/2025 06:50:01] "GET / HTTP/1.1" 200 30466
[28/Feb/2025 06:55:01] "GET / HTTP/1.1" 200 30466
[28/Feb/2025 07:00:01] "GET / HTTP/1.1" 200 30466
[28/Feb/2025 07:05:01] "GET / HTTP/1.1" 200 30466
[28/Feb/2025 07:10:01] "GET / HTTP/1.1" 200 30466
[28/Feb/2025 07:15:01] "GET / HTTP/1.1" 200 30466
[28/Feb/2025 07:20:01] "GET / HTTP/1.1" 200 30466
[28/Feb/2025 07:25:01] "GET / HTTP/1.1" 200 30466
[28/Feb/2025 07:30:01] "GET / HTTP/1.1" 200 30466
[28/Feb/2025 07:35:01] "GET / HTTP/1.1" 200 30466
[28/Feb/2025 07:40:01] "GET / HTTP/1.1" 200 30466
[28/Feb/2025 07:45:02] "GET / HTTP/1.1" 200 30466
[28/Feb/2025 07:50:01] "GET / HTTP/1.1" 200 30466
[28/Feb/2025 07:55:01] "GET / HTTP/1.1" 200 30466
[28/Feb/2025 08:00:02] "GET / HTTP/1.1" 200 30466
[28/Feb/2025 08:05:01] "GET / HTTP/1.1" 200 30466
[28/Feb/2025 08:10:01] "GET / HTTP/1.1" 200 30466
[28/Feb/2025 08:15:01] "GET / HTTP/1.1" 200 30466
[28/Feb/2025 08:20:01] "GET / HTTP/1.1" 200 30466
[28/Feb/2025 08:25:01] "GET / HTTP/1.1" 200 30466
[28/Feb/2025 08:30:01] "GET / HTTP/1.1" 200 30466
[28/Feb/2025 08:35:01] "GET / HTTP/1.1" 200 30466
[28/Feb/2025 08:40:01] "GET / HTTP/1.1" 200 30466
[28/Feb/2025 08:45:01] "GET / HTTP/1.1" 200 30466
[28/Feb/2025 08:50:01] "GET / HTTP/1.1" 200 30466
[28/Feb/2025 08:55:01] "GET / HTTP/1.1" 200 30466
[28/Feb/2025 09:00:01] "GET / HTTP/1.1" 200 30466
[28/Feb/2025 09:05:01] "GET / HTTP/1.1" 200 30466
[28/Feb/2025 09:10:01] "GET / HTTP/1.1" 200 30466
[28/Feb/2025 09:15:01] "GET / HTTP/1.1" 200 30466
[28/Feb/2025 09:20:01] "GET / HTTP/1.1" 200 30466
[28/Feb/2025 09:25:01] "GET / HTTP/1.1" 200 30466
[28/Feb/2025 09:30:02] "GET / HTTP/1.1" 200 30466
[28/Feb/2025 09:35:01] "GET / HTTP/1.1" 200 30466
[28/Feb/2025 09:40:01] "GET / HTTP/1.1" 200 30466
[28/Feb/2025 09:45:01] "GET / HTTP/1.1" 200 30466
[28/Feb/2025 09:50:01] "GET / HTTP/1.1" 200 30466
[28/Feb/2025 09:55:01] "GET / HTTP/1.1" 200 30466
[28/Feb/2025 10:00:01] "GET / HTTP/1.1" 200 30466
[28/Feb/2025 10:05:01] "GET / HTTP/1.1" 200 30466
[28/Feb/2025 10:10:01] "GET / HTTP/1.1" 200 30466
[28/Feb/2025 10:15:01] "GET / HTTP/1.1" 200 30466
[28/Feb/2025 10:20:02] "GET / HTTP/1.1" 200 30466
[28/Feb/2025 10:25:01] "GET / HTTP/1.1" 200 30466
[28/Feb/2025 10:30:01] "GET / HTTP/1.1" 200 30466
